====== Execution Results for Generated Solvers ======

--- Running: 1D_KdV_Burgers_Equation.py ---
Exit Code: 0
Output:

Errors:
/opt/CFD-Benchmark/PDE_Benchmark/solver/haiku/prompts/1D_KdV_Burgers_Equation.py:36: RuntimeWarning: overflow encountered in multiply
  dudt = -u*du_dx + a*d2u_dx2 + b*d3u_dx3
/opt/CFD-Benchmark/PDE_Benchmark/solver/haiku/prompts/1D_KdV_Burgers_Equation.py:31: RuntimeWarning: invalid value encountered in subtract
  du_dx = (u_p1 - u_m1)/(2*dx)
/opt/CFD-Benchmark/PDE_Benchmark/solver/haiku/prompts/1D_KdV_Burgers_Equation.py:32: RuntimeWarning: invalid value encountered in subtract
  d2u_dx2 = (u_p1 - 2*u + u_m1)/dx**2
/opt/CFD-Benchmark/PDE_Benchmark/solver/haiku/prompts/1D_KdV_Burgers_Equation.py:32: RuntimeWarning: invalid value encountered in add
  d2u_dx2 = (u_p1 - 2*u + u_m1)/dx**2
/opt/CFD-Benchmark/PDE_Benchmark/solver/haiku/prompts/1D_KdV_Burgers_Equation.py:33: RuntimeWarning: invalid value encountered in add
  d3u_dx3 = (-u_p2 + 2*u_p1 - 2*u_m1 + u_m2)/(2*dx**3)
/opt/CFD-Benchmark/PDE_Benchmark/solver/haiku/prompts/1D_KdV_Burgers_Equation.py:33: RuntimeWarning: invalid value encountered in subtract
  d3u_dx3 = (-u_p2 + 2*u_p1 - 2*u_m1 + u_m2)/(2*dx**3)
/opt/CFD-Benchmark/PDE_Benchmark/solver/haiku/prompts/1D_KdV_Burgers_Equation.py:36: RuntimeWarning: invalid value encountered in add
  dudt = -u*du_dx + a*d2u_dx2 + b*d3u_dx3

--------------------------------------------------



====== Execution Summary ======
Total Scripts Passed: 1
Total Scripts Failed: 0
--- Running: 2D_Unsteady_Heat_Equation.py ---
Exit Code: 0
Output:

Errors:

--------------------------------------------------



====== Execution Summary ======
Total Scripts Passed: 2
Total Scripts Failed: 0
--- Running: 1D_Diffusion.py ---
Exit Code: 0
Output:

Errors:

--------------------------------------------------



====== Execution Summary ======
Total Scripts Passed: 3
Total Scripts Failed: 0
--- Running: Fully_Developed_Turbulent_Channel_Flow.py ---
Exit Code: 1
Output:

Errors:
Traceback (most recent call last):
  File "/opt/CFD-Benchmark/PDE_Benchmark/solver/haiku/prompts/Fully_Developed_Turbulent_Channel_Flow.py", line 52, in <module>
    A[0,:] = 0
TypeError: 'dia_matrix' object does not support item assignment

--------------------------------------------------



====== Execution Summary ======
Total Scripts Passed: 3
Total Scripts Failed: 1
--- Running: Flow_Past_Circular_Cylinder.py ---
Exit Code: 1
Output:

Errors:
  File "/opt/CFD-Benchmark/PDE_Benchmark/solver/haiku/prompts/Flow_Past_Circular_Cylinder.py", line 38
    (psi[i,j+1]*(1 + dr/(2*r[j])) + psi[i,j-1]*(1 - dr/(2*r[j])))/(dr**2))/
                                                                           ^
SyntaxError: invalid syntax

--------------------------------------------------



====== Execution Summary ======
Total Scripts Passed: 3
Total Scripts Failed: 2
--- Running: 1D_Species_Diffusion.py ---
Exit Code: 0
Output:

Errors:
/opt/CFD-Benchmark/PDE_Benchmark/solver/haiku/prompts/1D_Species_Diffusion.py:49: RuntimeWarning: invalid value encountered in scalar divide
  P[i] = a_E[i]/denom
/opt/CFD-Benchmark/PDE_Benchmark/solver/haiku/prompts/1D_Species_Diffusion.py:50: RuntimeWarning: divide by zero encountered in scalar divide
  Q[i] = (b[i] + a_W[i]*Q[i-1])/denom

--------------------------------------------------



====== Execution Summary ======
Total Scripts Passed: 4
Total Scripts Failed: 2
--- Running: 2D_Diffusion.py ---
Exit Code: 0
Output:

Errors:

--------------------------------------------------



====== Execution Summary ======
Total Scripts Passed: 5
Total Scripts Failed: 2
--- Running: 2D_Shear_Flow_With_Tracer.py ---
Exit Code: 1
Output:

Errors:
Traceback (most recent call last):
  File "/opt/CFD-Benchmark/PDE_Benchmark/solver/haiku/prompts/2D_Shear_Flow_With_Tracer.py", line 73, in <module>
    p = solve_pressure_poisson(u, w, dx, dz, dt)
  File "/opt/CFD-Benchmark/PDE_Benchmark/solver/haiku/prompts/2D_Shear_Flow_With_Tracer.py", line 39, in solve_pressure_poisson
    b = np.zeros_like(p)
UnboundLocalError: local variable 'p' referenced before assignment

--------------------------------------------------



====== Execution Summary ======
Total Scripts Passed: 5
Total Scripts Failed: 3
--- Running: 1D_Unsteady_Convection.py ---
Exit Code: 0
Output:

Errors:

--------------------------------------------------



====== Execution Summary ======
Total Scripts Passed: 6
Total Scripts Failed: 3
--- Running: 2D_Navier_Stokes_Cavity.py ---
Exit Code: 0
Output:

Errors:
/opt/CFD-Benchmark/PDE_Benchmark/solver/haiku/prompts/2D_Navier_Stokes_Cavity.py:32: RuntimeWarning: overflow encountered in square
  ((u[1:-1,2:] - u[1:-1,:-2])/(2*dx))**2 + \
/opt/CFD-Benchmark/PDE_Benchmark/solver/haiku/prompts/2D_Navier_Stokes_Cavity.py:33: RuntimeWarning: overflow encountered in multiply
  2*((u[2:,1:-1] - u[:-2,1:-1])/(2*dy))*\
/opt/CFD-Benchmark/PDE_Benchmark/solver/haiku/prompts/2D_Navier_Stokes_Cavity.py:29: RuntimeWarning: invalid value encountered in add
  p[1:-1,1:-1] = ((pn[1:-1,2:] + pn[1:-1,:-2])*dy**2 +
/opt/CFD-Benchmark/PDE_Benchmark/solver/haiku/prompts/2D_Navier_Stokes_Cavity.py:35: RuntimeWarning: overflow encountered in square
  ((v[2:,1:-1] - v[:-2,1:-1])/(2*dy))**2
/opt/CFD-Benchmark/PDE_Benchmark/solver/haiku/prompts/2D_Navier_Stokes_Cavity.py:55: RuntimeWarning: overflow encountered in multiply
  dt*(un[1:-1,1:-1]*(un[1:-1,2:] - un[1:-1,:-2])/(2*dx) + \
/opt/CFD-Benchmark/PDE_Benchmark/solver/haiku/prompts/2D_Navier_Stokes_Cavity.py:56: RuntimeWarning: overflow encountered in multiply
  vn[1:-1,1:-1]*(un[2:,1:-1] - un[:-2,1:-1])/(2*dy)) - \
/opt/CFD-Benchmark/PDE_Benchmark/solver/haiku/prompts/2D_Navier_Stokes_Cavity.py:55: RuntimeWarning: invalid value encountered in add
  dt*(un[1:-1,1:-1]*(un[1:-1,2:] - un[1:-1,:-2])/(2*dx) + \
/opt/CFD-Benchmark/PDE_Benchmark/solver/haiku/prompts/2D_Navier_Stokes_Cavity.py:63: RuntimeWarning: overflow encountered in multiply
  dt*(un[1:-1,1:-1]*(vn[1:-1,2:] - vn[1:-1,:-2])/(2*dx) + \
/opt/CFD-Benchmark/PDE_Benchmark/solver/haiku/prompts/2D_Navier_Stokes_Cavity.py:64: RuntimeWarning: overflow encountered in multiply
  vn[1:-1,1:-1]*(vn[2:,1:-1] - vn[:-2,1:-1])/(2*dy)) - \
/opt/CFD-Benchmark/PDE_Benchmark/solver/haiku/prompts/2D_Navier_Stokes_Cavity.py:63: RuntimeWarning: invalid value encountered in add
  dt*(un[1:-1,1:-1]*(vn[1:-1,2:] - vn[1:-1,:-2])/(2*dx) + \

--------------------------------------------------



====== Execution Summary ======
Total Scripts Passed: 7
Total Scripts Failed: 3
--- Running: 1D_Linear_Convection.py ---
Exit Code: 0
Output:

Errors:

--------------------------------------------------



====== Execution Summary ======
Total Scripts Passed: 8
Total Scripts Failed: 3
--- Running: 2D_Inviscid_Burgers.py ---
Exit Code: 0
Output:

Errors:

--------------------------------------------------



====== Execution Summary ======
Total Scripts Passed: 9
Total Scripts Failed: 3
--- Running: 1D_Heat_Conduction_With_Convection.py ---
Exit Code: 0
Output:

Errors:

--------------------------------------------------



====== Execution Summary ======
Total Scripts Passed: 10
Total Scripts Failed: 3
--- Running: 2D_Steady_Heat_Equation.py ---
Exit Code: 0
Output:

Errors:

--------------------------------------------------



====== Execution Summary ======
Total Scripts Passed: 11
Total Scripts Failed: 3
--- Running: Lane_Emden_Equation.py ---
Exit Code: 0
Output:

Errors:

--------------------------------------------------



====== Execution Summary ======
Total Scripts Passed: 12
Total Scripts Failed: 3
--- Running: 1D_Heat_Conduction_With_Source.py ---
Exit Code: 0
Output:

Errors:

--------------------------------------------------



====== Execution Summary ======
Total Scripts Passed: 13
Total Scripts Failed: 3
--- Running: 2D_Navier_Stokes_Channel.py ---
Exit Code: 0
Output:

Errors:

--------------------------------------------------



====== Execution Summary ======
Total Scripts Passed: 14
Total Scripts Failed: 3
--- Running: 2D_Poisson_Equation.py ---
Exit Code: 0
Output:

Errors:

--------------------------------------------------



====== Execution Summary ======
Total Scripts Passed: 15
Total Scripts Failed: 3
--- Running: 1D_Convection_Diffusion_Phi.py ---
Exit Code: 0
Output:

Errors:

--------------------------------------------------



====== Execution Summary ======
Total Scripts Passed: 16
Total Scripts Failed: 3
--- Running: 2D_Rayleigh_Benard_Convection.py ---
 'NoneType' object has no attribute 'returncode'


====== Execution Summary ======
Total Scripts Passed: 16
Total Scripts Failed: 3
--- Running: 2D_Convection.py ---
Exit Code: 0
Output:

Errors:

--------------------------------------------------



====== Execution Summary ======
Total Scripts Passed: 17
Total Scripts Failed: 3
--- Running: 1D_Nonlinear_Convection.py ---
Exit Code: 0
Output:

Errors:
/opt/CFD-Benchmark/PDE_Benchmark/solver/haiku/prompts/1D_Nonlinear_Convection.py:19: RuntimeWarning: overflow encountered in scalar multiply
  u_half[i] = 0.5*(u[i] + u[i+1]) - 0.25*dt/dx*u[i]*(u[i+1] - u[i])
/opt/CFD-Benchmark/PDE_Benchmark/solver/haiku/prompts/1D_Nonlinear_Convection.py:25: RuntimeWarning: overflow encountered in scalar multiply
  u_new[i] = u[i] - dt/dx*u_half[i]*(u_half[i] - u_half[i-1])
/opt/CFD-Benchmark/PDE_Benchmark/solver/haiku/prompts/1D_Nonlinear_Convection.py:25: RuntimeWarning: invalid value encountered in scalar subtract
  u_new[i] = u[i] - dt/dx*u_half[i]*(u_half[i] - u_half[i-1])
/opt/CFD-Benchmark/PDE_Benchmark/solver/haiku/prompts/1D_Nonlinear_Convection.py:19: RuntimeWarning: invalid value encountered in scalar subtract
  u_half[i] = 0.5*(u[i] + u[i+1]) - 0.25*dt/dx*u[i]*(u[i+1] - u[i])

--------------------------------------------------



====== Execution Summary ======
Total Scripts Passed: 18
Total Scripts Failed: 3
--- Running: 1D_Unsteady_Convection_Diffusion_Periodic.py ---
Exit Code: 0
Output:

Errors:

--------------------------------------------------



====== Execution Summary ======
Total Scripts Passed: 19
Total Scripts Failed: 3
--- Running: 1D_Euler_Shock_Tube.py ---
Exit Code: 0
Output:

Errors:

--------------------------------------------------



====== Execution Summary ======
Total Scripts Passed: 20
Total Scripts Failed: 3
--- Running: Lid_Driven_Cavity.py ---
Exit Code: 0
Output:

Errors:

--------------------------------------------------



====== Execution Summary ======
Total Scripts Passed: 21
Total Scripts Failed: 3
--- Running: Pipe_Flow_Disk_EVP.py ---
Exit Code: 1
Output:

Errors:
/opt/CFD-Benchmark/PDE_Benchmark/solver/haiku/prompts/Pipe_Flow_Disk_EVP.py:49: RuntimeWarning: divide by zero encountered in divide
  A11 = sparse.diags(1/r, 0, shape=(N,N)) @ Dr + Dr2 - sparse.diags(1/r**2, 0, shape=(N,N))
/opt/CFD-Benchmark/PDE_Benchmark/solver/haiku/prompts/Pipe_Flow_Disk_EVP.py:50: RuntimeWarning: divide by zero encountered in divide
  A12 = sparse.diags(-m/r**2, 0, shape=(N,N))
/opt/CFD-Benchmark/PDE_Benchmark/solver/haiku/prompts/Pipe_Flow_Disk_EVP.py:51: RuntimeWarning: divide by zero encountered in divide
  A21 = sparse.diags(m/r**2, 0, shape=(N,N))
/opt/CFD-Benchmark/PDE_Benchmark/solver/haiku/prompts/Pipe_Flow_Disk_EVP.py:52: RuntimeWarning: divide by zero encountered in divide
  A22 = sparse.diags(1/r, 0, shape=(N,N)) @ Dr + Dr2 - sparse.diags(1/r**2, 0, shape=(N,N))
/opt/CFD-Benchmark/PDE_Benchmark/solver/haiku/prompts/Pipe_Flow_Disk_EVP.py:53: RuntimeWarning: divide by zero encountered in divide
  A33 = sparse.diags(1/r, 0, shape=(N,N)) @ Dr + Dr2
Traceback (most recent call last):
  File "/opt/CFD-Benchmark/PDE_Benchmark/solver/haiku/prompts/Pipe_Flow_Disk_EVP.py", line 72, in <module>
    L = build_matrix()
  File "/opt/CFD-Benchmark/PDE_Benchmark/solver/haiku/prompts/Pipe_Flow_Disk_EVP.py", line 67, in build_matrix
    L = -1j*kz*B - (1/Re)*A + sparse.eye(3*N)
  File "/opt/Dino_parallel/lib/python3.10/site-packages/scipy/sparse/_base.py", line 577, in __sub__
    raise ValueError("inconsistent shapes")
ValueError: inconsistent shapes

--------------------------------------------------



====== Execution Summary ======
Total Scripts Passed: 21
Total Scripts Failed: 4
--- Running: 2D_Linear_Convection.py ---
Exit Code: 0
Output:

Errors:

--------------------------------------------------



====== Execution Summary ======
Total Scripts Passed: 22
Total Scripts Failed: 4
--- Running: Vortex_Roll_Up.py ---
Exit Code: 0
Output:

Errors:

--------------------------------------------------



====== Execution Summary ======
Total Scripts Passed: 23
Total Scripts Failed: 4
--- Running: 2D_Laplace_Equation.py ---
Exit Code: 0
Output:

Errors:

--------------------------------------------------



====== Execution Summary ======
Total Scripts Passed: 24
Total Scripts Failed: 4
--- Running: 1D_Burgers_Equation.py ---
Exit Code: 0
Output:

Errors:

--------------------------------------------------



====== Execution Summary ======
Total Scripts Passed: 25
Total Scripts Failed: 4
--- Running: 2D_Burgers_Equation.py ---
Exit Code: 0
Output:

Errors:

--------------------------------------------------



====== Execution Summary ======
Total Scripts Passed: 26
Total Scripts Failed: 4
