====== Execution Results for Generated Solvers ======

--- Running: 1D_Diffusion.py ---
Exit Code: 0
Output:

Errors:

--------------------------------------------------

--- Running: Fully_Developed_Turbulent_Channel_Flow.py ---
Exit Code: 0
Output:
Start iterating with SA turbulence model
iteration:  0 , Residual(u) =  9.198685317277791
iteration:  100 , Residual(u) =  3.444379839188909e-05
iteration:  187 , Residual(u) =  9.617595056220707e-07
Start iterating with SST turbulence model
iteration:  0 , Residual(u) =  1.8634930505524654
iteration:  100 , Residual(u) =  0.002392568923468781
iteration:  200 , Residual(u) =  0.00025188535918976927
iteration:  300 , Residual(u) =  4.4562438464092634e-05
iteration:  400 , Residual(u) =  9.194625099435661e-06
iteration:  500 , Residual(u) =  2.036582564274032e-06
iteration:  550 , Residual(u) =  9.858252774094687e-07
Start iterating with V2F turbulence model
iteration:  0 , Residual(u) =  2.3672259880842343
iteration:  100 , Residual(u) =  0.0014767325916057946
iteration:  200 , Residual(u) =  0.0005872541862121585
iteration:  300 , Residual(u) =  0.00014820237083636048
iteration:  400 , Residual(u) =  9.665253337994606e-06
iteration:  500 , Residual(u) =  2.338726903290821e-06
iteration:  571 , Residual(u) =  9.881482490691123e-07
Start iterating with MK turbulence model
iteration:  0 , Residual(u) =  2.604563588747614
iteration:  100 , Residual(u) =  0.00026275570259380045
iteration:  183 , Residual(u) =  9.753048191655405e-07

Errors:
/opt/CFD-Benchmark/PDE_Benchmark_6/solution/Fully_Developed_Turbulent_Channel_Flow.py:271: RuntimeWarning: divide by zero encountered in divide
  zeta = np.minimum(1.0 / om, a1 / (strMag * bF2))
/opt/CFD-Benchmark/PDE_Benchmark_6/solution/Fully_Developed_Turbulent_Channel_Flow.py:383: RuntimeWarning: divide by zero encountered in divide
  np.fill_diagonal(A, A.diagonal() - 6.0 * r * e / k / fs)
/opt/CFD-Benchmark/PDE_Benchmark_6/solution/Fully_Developed_Turbulent_Channel_Flow.py:435: RuntimeWarning: divide by zero encountered in divide
  np.fill_diagonal(A, A.diagonal() - r * e / k / fs)
/opt/CFD-Benchmark/PDE_Benchmark_6/solution/Fully_Developed_Turbulent_Channel_Flow.py:164: RuntimeWarning: divide by zero encountered in divide
  fmue = (1 - np.exp(-yplus / 70)) * (1.0 + 3.45 / np.power(ReTurb, 0.5))
/opt/CFD-Benchmark/PDE_Benchmark_6/solution/Fully_Developed_Turbulent_Channel_Flow.py:164: RuntimeWarning: invalid value encountered in multiply
  fmue = (1 - np.exp(-yplus / 70)) * (1.0 + 3.45 / np.power(ReTurb, 0.5))
/opt/CFD-Benchmark/PDE_Benchmark_6/solution/Fully_Developed_Turbulent_Channel_Flow.py:186: RuntimeWarning: invalid value encountered in divide
  np.fill_diagonal(A, A.diagonal() - Ce2 * f2 * r * e / k / fs)
/opt/CFD-Benchmark/PDE_Benchmark_6/solution/Fully_Developed_Turbulent_Channel_Flow.py:210: RuntimeWarning: divide by zero encountered in divide
  np.fill_diagonal(A, A.diagonal() - r * e / k / fs)

--------------------------------------------------

--- Running: 2D_Diffusion.py ---
Exit Code: 0
Output:

Errors:

--------------------------------------------------

--- Running: 1D_Linear_Convection_pred_corr.py ---
Exit Code: 0
Output:
Undamped L2norm(error) = 0.22977655793017318
Damped L2norm(error) = 0.6310845465646919

Errors:

--------------------------------------------------

--- Running: 2D_Navier_Stokes_Cavity.py ---
Exit Code: 0
Output:
Time step= 0.005 s
Timestep: 0
  Iterations required for pressure Poisson eqn: 649
Timestep: 10
  Iterations required for pressure Poisson eqn: 293
Timestep: 20
  Iterations required for pressure Poisson eqn: 166
Timestep: 30
  Iterations required for pressure Poisson eqn: 98
Timestep: 40
  Iterations required for pressure Poisson eqn: 60
Timestep: 50
  Iterations required for pressure Poisson eqn: 42
Timestep: 60
  Iterations required for pressure Poisson eqn: 40
Timestep: 70
  Iterations required for pressure Poisson eqn: 46
Timestep: 80
  Iterations required for pressure Poisson eqn: 51
Timestep: 90
  Iterations required for pressure Poisson eqn: 53
Timestep: 100
  Iterations required for pressure Poisson eqn: 51
Timestep: 110
  Iterations required for pressure Poisson eqn: 52
Timestep: 120
  Iterations required for pressure Poisson eqn: 54
Timestep: 130
  Iterations required for pressure Poisson eqn: 54
Timestep: 140
  Iterations required for pressure Poisson eqn: 52
Timestep: 150
  Iterations required for pressure Poisson eqn: 50
Timestep: 160
  Iterations required for pressure Poisson eqn: 49
Timestep: 170
  Iterations required for pressure Poisson eqn: 47
Timestep: 180
  Iterations required for pressure Poisson eqn: 47
Timestep: 190
  Iterations required for pressure Poisson eqn: 45
Timestep: 200
  Iterations required for pressure Poisson eqn: 43
Timestep: 210
  Iterations required for pressure Poisson eqn: 41
Timestep: 220
  Iterations required for pressure Poisson eqn: 39
Timestep: 230
  Iterations required for pressure Poisson eqn: 38
Timestep: 240
  Iterations required for pressure Poisson eqn: 38
Timestep: 250
  Iterations required for pressure Poisson eqn: 35
Timestep: 260
  Iterations required for pressure Poisson eqn: 34
Timestep: 270
  Iterations required for pressure Poisson eqn: 32
Timestep: 280
  Iterations required for pressure Poisson eqn: 31
Timestep: 290
  Iterations required for pressure Poisson eqn: 29
Timestep: 300
  Iterations required for pressure Poisson eqn: 29
Timestep: 310
  Iterations required for pressure Poisson eqn: 27
Timestep: 320
  Iterations required for pressure Poisson eqn: 26
Timestep: 330
  Iterations required for pressure Poisson eqn: 25
Timestep: 340
  Iterations required for pressure Poisson eqn: 23
Timestep: 350
  Iterations required for pressure Poisson eqn: 22
Timestep: 360
  Iterations required for pressure Poisson eqn: 21
Timestep: 370
  Iterations required for pressure Poisson eqn: 21
Timestep: 380
  Iterations required for pressure Poisson eqn: 20
Timestep: 390
  Iterations required for pressure Poisson eqn: 18
Timestep: 400
  Iterations required for pressure Poisson eqn: 17
Timestep: 410
  Iterations required for pressure Poisson eqn: 17
Timestep: 420
  Iterations required for pressure Poisson eqn: 16
Timestep: 430
  Iterations required for pressure Poisson eqn: 16
Timestep: 440
  Iterations required for pressure Poisson eqn: 16
Timestep: 450
  Iterations required for pressure Poisson eqn: 14
Timestep: 460
  Iterations required for pressure Poisson eqn: 14
Timestep: 470
  Iterations required for pressure Poisson eqn: 13
Timestep: 480
  Iterations required for pressure Poisson eqn: 12
Timestep: 490
  Iterations required for pressure Poisson eqn: 13
Timestep: 500
  Iterations required for pressure Poisson eqn: 11
Timestep: 510
  Iterations required for pressure Poisson eqn: 10
Timestep: 520
  Iterations required for pressure Poisson eqn: 10
Timestep: 530
  Iterations required for pressure Poisson eqn: 10
Timestep: 540
  Iterations required for pressure Poisson eqn: 9
Timestep: 550
  Iterations required for pressure Poisson eqn: 9
Timestep: 560
  Iterations required for pressure Poisson eqn: 8
Timestep: 570
  Iterations required for pressure Poisson eqn: 9
Timestep: 580
  Iterations required for pressure Poisson eqn: 9
Timestep: 590
  Iterations required for pressure Poisson eqn: 9
Timestep: 600
  Iterations required for pressure Poisson eqn: 8
Timestep: 610
  Iterations required for pressure Poisson eqn: 7
Timestep: 620
  Iterations required for pressure Poisson eqn: 7
Timestep: 630
  Iterations required for pressure Poisson eqn: 8
Timestep: 640
  Iterations required for pressure Poisson eqn: 6
Timestep: 650
  Iterations required for pressure Poisson eqn: 6
Timestep: 660
  Iterations required for pressure Poisson eqn: 6
Timestep: 670
  Iterations required for pressure Poisson eqn: 6
Timestep: 680
  Iterations required for pressure Poisson eqn: 5
Timestep: 690
  Iterations required for pressure Poisson eqn: 7
Timestep: 700
  Iterations required for pressure Poisson eqn: 5
Timestep: 710
  Iterations required for pressure Poisson eqn: 5
Timestep: 720
  Iterations required for pressure Poisson eqn: 4
Timestep: 730
  Iterations required for pressure Poisson eqn: 4
Timestep: 740
  Iterations required for pressure Poisson eqn: 6
Timestep: 750
  Iterations required for pressure Poisson eqn: 5
Timestep: 760
  Iterations required for pressure Poisson eqn: 4
Timestep: 770
  Iterations required for pressure Poisson eqn: 5
Timestep: 780
  Iterations required for pressure Poisson eqn: 4
Timestep: 790
  Iterations required for pressure Poisson eqn: 3
Timestep: 800
  Iterations required for pressure Poisson eqn: 5
Timestep: 810
  Iterations required for pressure Poisson eqn: 5
Timestep: 820
  Iterations required for pressure Poisson eqn: 4
Timestep: 830
  Iterations required for pressure Poisson eqn: 4
Timestep: 840
  Iterations required for pressure Poisson eqn: 3
Timestep: 850
  Iterations required for pressure Poisson eqn: 4
Timestep: 860
  Iterations required for pressure Poisson eqn: 3
Timestep: 870
  Iterations required for pressure Poisson eqn: 3
Timestep: 880
  Iterations required for pressure Poisson eqn: 4
Timestep: 890
  Iterations required for pressure Poisson eqn: 3
Timestep: 900
  Iterations required for pressure Poisson eqn: 3
Timestep: 910
  Iterations required for pressure Poisson eqn: 3
Timestep: 920
  Iterations required for pressure Poisson eqn: 3
Timestep: 930
  Iterations required for pressure Poisson eqn: 3
Timestep: 940
  Iterations required for pressure Poisson eqn: 3
Timestep: 950
  Iterations required for pressure Poisson eqn: 2
Timestep: 960
  Iterations required for pressure Poisson eqn: 2
Timestep: 970
  Iterations required for pressure Poisson eqn: 2
Timestep: 980
  Iterations required for pressure Poisson eqn: 2
Timestep: 990
  Iterations required for pressure Poisson eqn: 2
Timestep: 1000
  Iterations required for pressure Poisson eqn: 3
Timestep: 1010
  Iterations required for pressure Poisson eqn: 3
Timestep: 1020
  Iterations required for pressure Poisson eqn: 1
Timestep: 1030
  Iterations required for pressure Poisson eqn: 2
Timestep: 1040
  Iterations required for pressure Poisson eqn: 2
Timestep: 1050
  Iterations required for pressure Poisson eqn: 2
Timestep: 1060
  Iterations required for pressure Poisson eqn: 1
Timestep: 1070
  Iterations required for pressure Poisson eqn: 2
Timestep: 1080
  Iterations required for pressure Poisson eqn: 2
Timestep: 1090
  Iterations required for pressure Poisson eqn: 2
Timestep: 1100
  Iterations required for pressure Poisson eqn: 2
Timestep: 1110
  Iterations required for pressure Poisson eqn: 1
Timestep: 1120
  Iterations required for pressure Poisson eqn: 2
Timestep: 1130
  Iterations required for pressure Poisson eqn: 2
Timestep: 1140
  Iterations required for pressure Poisson eqn: 2
Timestep: 1150
  Iterations required for pressure Poisson eqn: 1
Timestep: 1160
  Iterations required for pressure Poisson eqn: 2
Timestep: 1170
  Iterations required for pressure Poisson eqn: 2
Timestep: 1180
  Iterations required for pressure Poisson eqn: 1
Timestep: 1190
  Iterations required for pressure Poisson eqn: 1
Timestep: 1200
  Iterations required for pressure Poisson eqn: 2
Timestep: 1210
  Iterations required for pressure Poisson eqn: 1
Timestep: 1220
  Iterations required for pressure Poisson eqn: 1
Timestep: 1230
  Iterations required for pressure Poisson eqn: 1
Timestep: 1240
  Iterations required for pressure Poisson eqn: 1
Timestep: 1250
  Iterations required for pressure Poisson eqn: 2
Timestep: 1260
  Iterations required for pressure Poisson eqn: 1
Timestep: 1270
  Iterations required for pressure Poisson eqn: 1
Timestep: 1280
  Iterations required for pressure Poisson eqn: 1
Timestep: 1290
  Iterations required for pressure Poisson eqn: 1
Timestep: 1300
  Iterations required for pressure Poisson eqn: 1
Timestep: 1310
  Iterations required for pressure Poisson eqn: 1
Timestep: 1320
  Iterations required for pressure Poisson eqn: 1
Timestep: 1330
  Iterations required for pressure Poisson eqn: 1
Timestep: 1340
  Iterations required for pressure Poisson eqn: 1
Timestep: 1350
  Iterations required for pressure Poisson eqn: 1
Timestep: 1360
  Iterations required for pressure Poisson eqn: 1
Timestep: 1370
  Iterations required for pressure Poisson eqn: 1
Timestep: 1380
  Iterations required for pressure Poisson eqn: 1
Timestep: 1390
  Iterations required for pressure Poisson eqn: 1
Timestep: 1400
  Iterations required for pressure Poisson eqn: 1
Timestep: 1410
  Iterations required for pressure Poisson eqn: 1
Timestep: 1420
  Iterations required for pressure Poisson eqn: 1
Timestep: 1430
  Iterations required for pressure Poisson eqn: 1
Timestep: 1440
  Iterations required for pressure Poisson eqn: 1
Timestep: 1450
  Iterations required for pressure Poisson eqn: 1
Timestep: 1460
  Iterations required for pressure Poisson eqn: 1
Timestep: 1470
  Iterations required for pressure Poisson eqn: 1
Timestep: 1480
  Iterations required for pressure Poisson eqn: 1
Timestep: 1490
  Iterations required for pressure Poisson eqn: 1
Timestep: 1500
  Iterations required for pressure Poisson eqn: 1
Timestep: 1510
  Iterations required for pressure Poisson eqn: 1
Timestep: 1520
  Iterations required for pressure Poisson eqn: 1
Timestep: 1530
  Iterations required for pressure Poisson eqn: 1
Timestep: 1540
  Iterations required for pressure Poisson eqn: 1
Timestep: 1550
  Iterations required for pressure Poisson eqn: 1
Timestep: 1560
  Iterations required for pressure Poisson eqn: 1
Timestep: 1570
  Iterations required for pressure Poisson eqn: 1
Timestep: 1580
  Iterations required for pressure Poisson eqn: 1
Timestep: 1590
  Iterations required for pressure Poisson eqn: 1
Timestep: 1600
  Iterations required for pressure Poisson eqn: 1
Timestep: 1610
  Iterations required for pressure Poisson eqn: 1
Timestep: 1620
  Iterations required for pressure Poisson eqn: 1
Timestep: 1630
  Iterations required for pressure Poisson eqn: 1
Timestep: 1640
  Iterations required for pressure Poisson eqn: 1
Timestep: 1650
  Iterations required for pressure Poisson eqn: 1
Timestep: 1660
  Iterations required for pressure Poisson eqn: 1
Timestep: 1670
  Iterations required for pressure Poisson eqn: 1
Timestep: 1680
  Iterations required for pressure Poisson eqn: 1
Timestep: 1690
  Iterations required for pressure Poisson eqn: 1
Timestep: 1700
  Iterations required for pressure Poisson eqn: 1
Timestep: 1710
  Iterations required for pressure Poisson eqn: 1
Timestep: 1720
  Iterations required for pressure Poisson eqn: 1
Timestep: 1730
  Iterations required for pressure Poisson eqn: 1
Timestep: 1740
  Iterations required for pressure Poisson eqn: 1
Timestep: 1750
  Iterations required for pressure Poisson eqn: 1
Timestep: 1760
  Iterations required for pressure Poisson eqn: 1
Timestep: 1770
  Iterations required for pressure Poisson eqn: 1
Timestep: 1780
  Iterations required for pressure Poisson eqn: 1
Timestep: 1790
  Iterations required for pressure Poisson eqn: 1
Timestep: 1800
  Iterations required for pressure Poisson eqn: 1
Timestep: 1810
  Iterations required for pressure Poisson eqn: 1
Timestep: 1820
  Iterations required for pressure Poisson eqn: 1
Timestep: 1830
  Iterations required for pressure Poisson eqn: 1
Timestep: 1840
  Iterations required for pressure Poisson eqn: 1
Timestep: 1850
  Iterations required for pressure Poisson eqn: 1
Timestep: 1860
  Iterations required for pressure Poisson eqn: 1
Timestep: 1870
  Iterations required for pressure Poisson eqn: 1
Timestep: 1880
  Iterations required for pressure Poisson eqn: 1
Timestep: 1890
  Iterations required for pressure Poisson eqn: 1
Timestep: 1900
  Iterations required for pressure Poisson eqn: 1
Timestep: 1910
  Iterations required for pressure Poisson eqn: 1
Timestep: 1920
  Iterations required for pressure Poisson eqn: 1
Timestep: 1930
  Iterations required for pressure Poisson eqn: 1
Timestep: 1940
  Iterations required for pressure Poisson eqn: 1
Timestep: 1950
  Iterations required for pressure Poisson eqn: 1
Timestep: 1960
  Iterations required for pressure Poisson eqn: 1
Timestep: 1970
  Iterations required for pressure Poisson eqn: 1
Timestep: 1980
  Iterations required for pressure Poisson eqn: 1
Timestep: 1990
  Iterations required for pressure Poisson eqn: 1

Errors:

--------------------------------------------------

--- Running: 2D_Unsteady_Heat_Equation_DF.py ---
Exit Code: 0
Output:
Running DuFort-Frankel...
DuFort-Frankel finished in 1261 timesteps. Execution took 0.04554826801177114 seconds

Errors:

--------------------------------------------------

--- Running: 2D_Unsteady_Heat_Equation_SE.py ---
Exit Code: 0
Output:
Running Simple Explicit...
Simple Explicit finished in 5043 timesteps. Execution took 0.18819390100543387 seconds

Errors:

--------------------------------------------------

--- Running: 1D_Linear_Convection_adams.py ---
Exit Code: 0
Output:
Undamped L2norm(error) = 0.22769702910198267
Damped L2norm(error) = 0.6303751439245847

Errors:

--------------------------------------------------

--- Running: 2D_Unsteady_Heat_Equation_ADI.py ---
Exit Code: 0
Output:
Running ADI...
ADI finished in 5043 timesteps. Execution took 18.127580979984486 seconds

Errors:

--------------------------------------------------

--- Running: 1D_Nonlinear_Convection_LW.py ---
Exit Code: 0
Output:
Step size = 0.02001014429038085 s
Number of x nodes = 315

Errors:

--------------------------------------------------

--- Running: 2D_Inviscid_Burgers_FOU.py ---
Exit Code: 0
Output:
dx =  0.013333333333333334 , dy =  0.013333333333333334 , dt =  0.0013333333333333335 s

Errors:

--------------------------------------------------

--- Running: 2D_Steady_Heat_Equation.py ---
Exit Code: 0
Output:
k | Residual
------------
0 | 39.55519013768699
25 | 0.56053477626822
50 | 0.2592779466929951
75 | 0.16490923682448155
100 | 0.11402114836107913
125 | 0.08277483244104467
150 | 0.06176107267599207
175 | 0.046794071750008825
200 | 0.03578281290577934
225 | 0.02750672046606084
250 | 0.0212016149877563
275 | 0.016360707449246448
300 | 0.012627702199209168
Residual threshold reached in 323 iterations

Errors:

--------------------------------------------------

--- Running: 2D_Diffusion_FVM.py ---
Exit Code: 0
Output:
N =  10 wmax =  2.1978609254569146
N =  17 wmax =  2.209734518759434
N =  25 wmax =  2.2523405973803885
N =  33 wmax =  2.2724799618591436
N =  41 wmax =  2.2833706143584718
N =  48 wmax =  2.292508129903092
N =  56 wmax =  2.2953831171534036
N =  64 wmax =  2.296830009016923
N =  72 wmax =  2.2972843971097343
N =  80 wmax =  2.2970318787094475

Errors:

--------------------------------------------------

--- Running: 2D_Navier_Stokes_Channel.py ---
Exit Code: 0
Output:

Errors:

--------------------------------------------------

--- Running: 2D_Convection.py ---
Exit Code: 0
Output:

Errors:

--------------------------------------------------

--- Running: 1D_Euler_Shock_Tube.py ---
Exit Code: 0
Output:
Step 0  t= 0 umax= 0.0 amax= 1.1832159566199232 dt = 0.020868006289593
Step 10  t= 0.11483492777147918 umax= 1.094222217273952 amax= 1.281816737585982 dt = 0.010391815325328662
Step 20  t= 0.2198942366589146 umax= 1.0592166838163977 amax= 1.2676277376990581 dt = 0.010611520820377869
Solution obtained in 22 time steps.

Errors:

--------------------------------------------------

--- Running: 2D_Linear_Convection.py ---
Exit Code: 0
Output:

Errors:

--------------------------------------------------

--- Running: 2D_Laplace_Equation.py ---
Exit Code: 0
Output:

Errors:

--------------------------------------------------

--- Running: 1D_Burgers_Equation.py ---
Exit Code: 0
Output:

Errors:

--------------------------------------------------

--- Running: 1D_Nonlinear_Convection_Lax.py ---
Exit Code: 0
Output:
Step size = 0.02001014429038085 s
Number of x nodes = 315

Errors:

--------------------------------------------------

--- Running: 2D_Possion.py ---
Exit Code: 0
Output:

Errors:
Error: failed to send plot to http://127.0.0.1:63342
Traceback (most recent call last):
  File "/home/weichao/Downloads/pycharm-2023.2.1/plugins/python/helpers/pycharm_display/datalore/display/display_.py", line 86, in _send_display_message
    urllib_request.urlopen(url, buffer)
  File "/opt/Dino_parallel/lib/python3.8/urllib/request.py", line 222, in urlopen
    return opener.open(url, data, timeout)
  File "/opt/Dino_parallel/lib/python3.8/urllib/request.py", line 531, in open
    response = meth(req, response)
  File "/opt/Dino_parallel/lib/python3.8/urllib/request.py", line 640, in http_response
    response = self.parent.error(
  File "/opt/Dino_parallel/lib/python3.8/urllib/request.py", line 569, in error
    return self._call_chain(*args)
  File "/opt/Dino_parallel/lib/python3.8/urllib/request.py", line 502, in _call_chain
    result = func(*args)
  File "/opt/Dino_parallel/lib/python3.8/urllib/request.py", line 649, in http_error_default
    raise HTTPError(req.full_url, code, msg, hdrs, fp)
urllib.error.HTTPError: HTTP Error 429: Too Many Requests

During handling of the above exception, another exception occurred:

Traceback (most recent call last):
  File "/home/weichao/Downloads/pycharm-2023.2.1/plugins/python/helpers/pycharm_display/datalore/display/display_.py", line 61, in try_empty_proxy
    urllib_request.urlopen(url, buffer)
  File "/opt/Dino_parallel/lib/python3.8/urllib/request.py", line 222, in urlopen
    return opener.open(url, data, timeout)
  File "/opt/Dino_parallel/lib/python3.8/urllib/request.py", line 531, in open
    response = meth(req, response)
  File "/opt/Dino_parallel/lib/python3.8/urllib/request.py", line 640, in http_response
    response = self.parent.error(
  File "/opt/Dino_parallel/lib/python3.8/urllib/request.py", line 569, in error
    return self._call_chain(*args)
  File "/opt/Dino_parallel/lib/python3.8/urllib/request.py", line 502, in _call_chain
    result = func(*args)
  File "/opt/Dino_parallel/lib/python3.8/urllib/request.py", line 649, in http_error_default
    raise HTTPError(req.full_url, code, msg, hdrs, fp)
urllib.error.HTTPError: HTTP Error 429: Too Many Requests

--------------------------------------------------

--- Running: 1D_Linear_Convection_explicit_euler.py ---
Exit Code: 0
Output:
Undamped L2norm(error) = 0.8542921618662312
Damped L2norm(error) = 0.27528938104239215

Errors:
Error: failed to send plot to http://127.0.0.1:63342
Traceback (most recent call last):
  File "/home/weichao/Downloads/pycharm-2023.2.1/plugins/python/helpers/pycharm_display/datalore/display/display_.py", line 86, in _send_display_message
    urllib_request.urlopen(url, buffer)
  File "/opt/Dino_parallel/lib/python3.8/urllib/request.py", line 222, in urlopen
    return opener.open(url, data, timeout)
  File "/opt/Dino_parallel/lib/python3.8/urllib/request.py", line 531, in open
    response = meth(req, response)
  File "/opt/Dino_parallel/lib/python3.8/urllib/request.py", line 640, in http_response
    response = self.parent.error(
  File "/opt/Dino_parallel/lib/python3.8/urllib/request.py", line 569, in error
    return self._call_chain(*args)
  File "/opt/Dino_parallel/lib/python3.8/urllib/request.py", line 502, in _call_chain
    result = func(*args)
  File "/opt/Dino_parallel/lib/python3.8/urllib/request.py", line 649, in http_error_default
    raise HTTPError(req.full_url, code, msg, hdrs, fp)
urllib.error.HTTPError: HTTP Error 429: Too Many Requests

During handling of the above exception, another exception occurred:

Traceback (most recent call last):
  File "/home/weichao/Downloads/pycharm-2023.2.1/plugins/python/helpers/pycharm_display/datalore/display/display_.py", line 61, in try_empty_proxy
    urllib_request.urlopen(url, buffer)
  File "/opt/Dino_parallel/lib/python3.8/urllib/request.py", line 222, in urlopen
    return opener.open(url, data, timeout)
  File "/opt/Dino_parallel/lib/python3.8/urllib/request.py", line 531, in open
    response = meth(req, response)
  File "/opt/Dino_parallel/lib/python3.8/urllib/request.py", line 640, in http_response
    response = self.parent.error(
  File "/opt/Dino_parallel/lib/python3.8/urllib/request.py", line 569, in error
    return self._call_chain(*args)
  File "/opt/Dino_parallel/lib/python3.8/urllib/request.py", line 502, in _call_chain
    result = func(*args)
  File "/opt/Dino_parallel/lib/python3.8/urllib/request.py", line 649, in http_error_default
    raise HTTPError(req.full_url, code, msg, hdrs, fp)
urllib.error.HTTPError: HTTP Error 429: Too Many Requests

--------------------------------------------------

--- Running: 1D_Nonlinear_Convection_Mk.py ---
Exit Code: 0
Output:
Step size = 0.02001014429038085 s
Number of x nodes = 315

Errors:
Error: failed to send plot to http://127.0.0.1:63342
Traceback (most recent call last):
  File "/home/weichao/Downloads/pycharm-2023.2.1/plugins/python/helpers/pycharm_display/datalore/display/display_.py", line 86, in _send_display_message
    urllib_request.urlopen(url, buffer)
  File "/opt/Dino_parallel/lib/python3.8/urllib/request.py", line 222, in urlopen
    return opener.open(url, data, timeout)
  File "/opt/Dino_parallel/lib/python3.8/urllib/request.py", line 531, in open
    response = meth(req, response)
  File "/opt/Dino_parallel/lib/python3.8/urllib/request.py", line 640, in http_response
    response = self.parent.error(
  File "/opt/Dino_parallel/lib/python3.8/urllib/request.py", line 569, in error
    return self._call_chain(*args)
  File "/opt/Dino_parallel/lib/python3.8/urllib/request.py", line 502, in _call_chain
    result = func(*args)
  File "/opt/Dino_parallel/lib/python3.8/urllib/request.py", line 649, in http_error_default
    raise HTTPError(req.full_url, code, msg, hdrs, fp)
urllib.error.HTTPError: HTTP Error 429: Too Many Requests

During handling of the above exception, another exception occurred:

Traceback (most recent call last):
  File "/home/weichao/Downloads/pycharm-2023.2.1/plugins/python/helpers/pycharm_display/datalore/display/display_.py", line 61, in try_empty_proxy
    urllib_request.urlopen(url, buffer)
  File "/opt/Dino_parallel/lib/python3.8/urllib/request.py", line 222, in urlopen
    return opener.open(url, data, timeout)
  File "/opt/Dino_parallel/lib/python3.8/urllib/request.py", line 531, in open
    response = meth(req, response)
  File "/opt/Dino_parallel/lib/python3.8/urllib/request.py", line 640, in http_response
    response = self.parent.error(
  File "/opt/Dino_parallel/lib/python3.8/urllib/request.py", line 569, in error
    return self._call_chain(*args)
  File "/opt/Dino_parallel/lib/python3.8/urllib/request.py", line 502, in _call_chain
    result = func(*args)
  File "/opt/Dino_parallel/lib/python3.8/urllib/request.py", line 649, in http_error_default
    raise HTTPError(req.full_url, code, msg, hdrs, fp)
urllib.error.HTTPError: HTTP Error 429: Too Many Requests

--------------------------------------------------

--- Running: 2D_Burgers_Equation.py ---
Exit Code: 0
Output:

Errors:
Error: failed to send plot to http://127.0.0.1:63342
Traceback (most recent call last):
  File "/home/weichao/Downloads/pycharm-2023.2.1/plugins/python/helpers/pycharm_display/datalore/display/display_.py", line 86, in _send_display_message
    urllib_request.urlopen(url, buffer)
  File "/opt/Dino_parallel/lib/python3.8/urllib/request.py", line 222, in urlopen
    return opener.open(url, data, timeout)
  File "/opt/Dino_parallel/lib/python3.8/urllib/request.py", line 531, in open
    response = meth(req, response)
  File "/opt/Dino_parallel/lib/python3.8/urllib/request.py", line 640, in http_response
    response = self.parent.error(
  File "/opt/Dino_parallel/lib/python3.8/urllib/request.py", line 569, in error
    return self._call_chain(*args)
  File "/opt/Dino_parallel/lib/python3.8/urllib/request.py", line 502, in _call_chain
    result = func(*args)
  File "/opt/Dino_parallel/lib/python3.8/urllib/request.py", line 649, in http_error_default
    raise HTTPError(req.full_url, code, msg, hdrs, fp)
urllib.error.HTTPError: HTTP Error 429: Too Many Requests

During handling of the above exception, another exception occurred:

Traceback (most recent call last):
  File "/home/weichao/Downloads/pycharm-2023.2.1/plugins/python/helpers/pycharm_display/datalore/display/display_.py", line 61, in try_empty_proxy
    urllib_request.urlopen(url, buffer)
  File "/opt/Dino_parallel/lib/python3.8/urllib/request.py", line 222, in urlopen
    return opener.open(url, data, timeout)
  File "/opt/Dino_parallel/lib/python3.8/urllib/request.py", line 531, in open
    response = meth(req, response)
  File "/opt/Dino_parallel/lib/python3.8/urllib/request.py", line 640, in http_response
    response = self.parent.error(
  File "/opt/Dino_parallel/lib/python3.8/urllib/request.py", line 569, in error
    return self._call_chain(*args)
  File "/opt/Dino_parallel/lib/python3.8/urllib/request.py", line 502, in _call_chain
    result = func(*args)
  File "/opt/Dino_parallel/lib/python3.8/urllib/request.py", line 649, in http_error_default
    raise HTTPError(req.full_url, code, msg, hdrs, fp)
urllib.error.HTTPError: HTTP Error 429: Too Many Requests
Error: failed to send plot to http://127.0.0.1:63342
Traceback (most recent call last):
  File "/home/weichao/Downloads/pycharm-2023.2.1/plugins/python/helpers/pycharm_display/datalore/display/display_.py", line 86, in _send_display_message
    urllib_request.urlopen(url, buffer)
  File "/opt/Dino_parallel/lib/python3.8/urllib/request.py", line 222, in urlopen
    return opener.open(url, data, timeout)
  File "/opt/Dino_parallel/lib/python3.8/urllib/request.py", line 531, in open
    response = meth(req, response)
  File "/opt/Dino_parallel/lib/python3.8/urllib/request.py", line 640, in http_response
    response = self.parent.error(
  File "/opt/Dino_parallel/lib/python3.8/urllib/request.py", line 569, in error
    return self._call_chain(*args)
  File "/opt/Dino_parallel/lib/python3.8/urllib/request.py", line 502, in _call_chain
    result = func(*args)
  File "/opt/Dino_parallel/lib/python3.8/urllib/request.py", line 649, in http_error_default
    raise HTTPError(req.full_url, code, msg, hdrs, fp)
urllib.error.HTTPError: HTTP Error 429: Too Many Requests

During handling of the above exception, another exception occurred:

Traceback (most recent call last):
  File "/home/weichao/Downloads/pycharm-2023.2.1/plugins/python/helpers/pycharm_display/datalore/display/display_.py", line 61, in try_empty_proxy
    urllib_request.urlopen(url, buffer)
  File "/opt/Dino_parallel/lib/python3.8/urllib/request.py", line 222, in urlopen
    return opener.open(url, data, timeout)
  File "/opt/Dino_parallel/lib/python3.8/urllib/request.py", line 531, in open
    response = meth(req, response)
  File "/opt/Dino_parallel/lib/python3.8/urllib/request.py", line 640, in http_response
    response = self.parent.error(
  File "/opt/Dino_parallel/lib/python3.8/urllib/request.py", line 569, in error
    return self._call_chain(*args)
  File "/opt/Dino_parallel/lib/python3.8/urllib/request.py", line 502, in _call_chain
    result = func(*args)
  File "/opt/Dino_parallel/lib/python3.8/urllib/request.py", line 649, in http_error_default
    raise HTTPError(req.full_url, code, msg, hdrs, fp)
urllib.error.HTTPError: HTTP Error 429: Too Many Requests

--------------------------------------------------

--- Running: 1D_Linear_Convection_rk.py ---
Exit Code: 0
Output:
Undamped L2norm(error) = 0.22772381789451748
Damped L2norm(error) = 0.6301168012437693

Errors:
Error: failed to send plot to http://127.0.0.1:63342
Traceback (most recent call last):
  File "/home/weichao/Downloads/pycharm-2023.2.1/plugins/python/helpers/pycharm_display/datalore/display/display_.py", line 86, in _send_display_message
    urllib_request.urlopen(url, buffer)
  File "/opt/Dino_parallel/lib/python3.8/urllib/request.py", line 222, in urlopen
    return opener.open(url, data, timeout)
  File "/opt/Dino_parallel/lib/python3.8/urllib/request.py", line 531, in open
    response = meth(req, response)
  File "/opt/Dino_parallel/lib/python3.8/urllib/request.py", line 640, in http_response
    response = self.parent.error(
  File "/opt/Dino_parallel/lib/python3.8/urllib/request.py", line 569, in error
    return self._call_chain(*args)
  File "/opt/Dino_parallel/lib/python3.8/urllib/request.py", line 502, in _call_chain
    result = func(*args)
  File "/opt/Dino_parallel/lib/python3.8/urllib/request.py", line 649, in http_error_default
    raise HTTPError(req.full_url, code, msg, hdrs, fp)
urllib.error.HTTPError: HTTP Error 429: Too Many Requests

During handling of the above exception, another exception occurred:

Traceback (most recent call last):
  File "/home/weichao/Downloads/pycharm-2023.2.1/plugins/python/helpers/pycharm_display/datalore/display/display_.py", line 61, in try_empty_proxy
    urllib_request.urlopen(url, buffer)
  File "/opt/Dino_parallel/lib/python3.8/urllib/request.py", line 222, in urlopen
    return opener.open(url, data, timeout)
  File "/opt/Dino_parallel/lib/python3.8/urllib/request.py", line 531, in open
    response = meth(req, response)
  File "/opt/Dino_parallel/lib/python3.8/urllib/request.py", line 640, in http_response
    response = self.parent.error(
  File "/opt/Dino_parallel/lib/python3.8/urllib/request.py", line 569, in error
    return self._call_chain(*args)
  File "/opt/Dino_parallel/lib/python3.8/urllib/request.py", line 502, in _call_chain
    result = func(*args)
  File "/opt/Dino_parallel/lib/python3.8/urllib/request.py", line 649, in http_error_default
    raise HTTPError(req.full_url, code, msg, hdrs, fp)
urllib.error.HTTPError: HTTP Error 429: Too Many Requests

--------------------------------------------------

